<?xml version="1.0" encoding="UTF-8"?>
<testng-results ignored="0" total="2" passed="2" failed="0" skipped="0">
  <reporter-output>
  </reporter-output>
  <suite started-at="2023-07-28T15:55:31 IST" name="Suite" finished-at="2023-07-28T15:55:40 IST" duration-ms="8860">
    <groups>
    </groups>
    <test started-at="2023-07-28T15:55:31 IST" name="Test" finished-at="2023-07-28T15:55:40 IST" duration-ms="8860">
      <class name="MyTest.Programme1">
        <test-method is-config="true" signature="setup()[pri:0, instance:MyTest.Programme1@2e6a8155]" started-at="2023-07-28T15:55:31 IST" name="setup" finished-at="2023-07-28T15:55:36 IST" duration-ms="4591" status="PASS">
          <reporter-output>
          </reporter-output>
        </test-method> <!-- setup -->
        <test-method signature="verifyLogo()[pri:0, instance:MyTest.Programme1@2e6a8155]" started-at="2023-07-28T15:55:36 IST" name="verifyLogo" finished-at="2023-07-28T15:55:36 IST" duration-ms="183" status="PASS">
          <reporter-output>
          </reporter-output>
        </test-method> <!-- verifyLogo -->
        <test-method is-config="true" signature="tearDown()[pri:0, instance:MyTest.Programme1@2e6a8155]" started-at="2023-07-28T15:55:36 IST" name="tearDown" finished-at="2023-07-28T15:55:36 IST" duration-ms="136" status="PASS">
          <reporter-output>
          </reporter-output>
        </test-method> <!-- tearDown -->
        <test-method is-config="true" signature="setup()[pri:0, instance:MyTest.Programme1@2e6a8155]" started-at="2023-07-28T15:55:36 IST" name="setup" finished-at="2023-07-28T15:55:40 IST" duration-ms="3649" status="PASS">
          <reporter-output>
          </reporter-output>
        </test-method> <!-- setup -->
        <test-method signature="verifyTitle()[pri:0, instance:MyTest.Programme1@2e6a8155]" started-at="2023-07-28T15:55:40 IST" name="verifyTitle" finished-at="2023-07-28T15:55:40 IST" duration-ms="99" status="PASS">
          <reporter-output>
          </reporter-output>
        </test-method> <!-- verifyTitle -->
        <test-method is-config="true" signature="tearDown()[pri:0, instance:MyTest.Programme1@2e6a8155]" started-at="2023-07-28T15:55:40 IST" name="tearDown" finished-at="2023-07-28T15:55:40 IST" duration-ms="153" status="PASS">
          <reporter-output>
          </reporter-output>
        </test-method> <!-- tearDown -->
      </class> <!-- MyTest.Programme1 -->
    </test> <!-- Test -->
  </suite> <!-- Suite -->
</testng-results>
